Performing C SOURCE FILE Test CMAKE_HAVE_LIBC_PTHREAD failed with the following output:
Change Dir: /home/dukezuo/inference_engine_samples_build/CMakeFiles/CMakeTmp

Run Build Command(s):/usr/bin/make cmTC_04280/fast && /usr/bin/make -f CMakeFiles/cmTC_04280.dir/build.make CMakeFiles/cmTC_04280.dir/build
make[1]: Entering directory '/home/dukezuo/inference_engine_samples_build/CMakeFiles/CMakeTmp'
Building C object CMakeFiles/cmTC_04280.dir/src.c.o
/usr/bin/cc   -DCMAKE_HAVE_LIBC_PTHREAD -std=c++11   -o CMakeFiles/cmTC_04280.dir/src.c.o   -c /home/dukezuo/inference_engine_samples_build/CMakeFiles/CMakeTmp/src.c
cc1: warning: command line option ‘-std=c++11’ is valid for C++/ObjC++ but not for C
Linking C executable cmTC_04280
/usr/local/bin/cmake -E cmake_link_script CMakeFiles/cmTC_04280.dir/link.txt --verbose=1
/usr/bin/cc  -DCMAKE_HAVE_LIBC_PTHREAD -std=c++11    -rdynamic CMakeFiles/cmTC_04280.dir/src.c.o  -o cmTC_04280 
CMakeFiles/cmTC_04280.dir/src.c.o: In function `main':
src.c:(.text+0x3c): undefined reference to `pthread_create'
src.c:(.text+0x48): undefined reference to `pthread_detach'
src.c:(.text+0x59): undefined reference to `pthread_join'
src.c:(.text+0x6d): undefined reference to `pthread_atfork'
collect2: error: ld returned 1 exit status
CMakeFiles/cmTC_04280.dir/build.make:86: recipe for target 'cmTC_04280' failed
make[1]: *** [cmTC_04280] Error 1
make[1]: Leaving directory '/home/dukezuo/inference_engine_samples_build/CMakeFiles/CMakeTmp'
Makefile:121: recipe for target 'cmTC_04280/fast' failed
make: *** [cmTC_04280/fast] Error 2


Source file was:
#include <pthread.h>

void* test_func(void* data)
{
  return data;
}

int main(void)
{
  pthread_t thread;
  pthread_create(&thread, NULL, test_func, NULL);
  pthread_detach(thread);
  pthread_join(thread, NULL);
  pthread_atfork(NULL, NULL, NULL);
  pthread_exit(NULL);

  return 0;
}

Determining if the function pthread_create exists in the pthreads failed with the following output:
Change Dir: /home/dukezuo/inference_engine_samples_build/CMakeFiles/CMakeTmp

Run Build Command(s):/usr/bin/make cmTC_8c33b/fast && /usr/bin/make -f CMakeFiles/cmTC_8c33b.dir/build.make CMakeFiles/cmTC_8c33b.dir/build
make[1]: Entering directory '/home/dukezuo/inference_engine_samples_build/CMakeFiles/CMakeTmp'
Building C object CMakeFiles/cmTC_8c33b.dir/CheckFunctionExists.c.o
/usr/bin/cc   -DCHECK_FUNCTION_EXISTS=pthread_create -std=c++11   -o CMakeFiles/cmTC_8c33b.dir/CheckFunctionExists.c.o   -c /usr/local/share/cmake-3.16/Modules/CheckFunctionExists.c
cc1: warning: command line option ‘-std=c++11’ is valid for C++/ObjC++ but not for C
Linking C executable cmTC_8c33b
/usr/local/bin/cmake -E cmake_link_script CMakeFiles/cmTC_8c33b.dir/link.txt --verbose=1
/usr/bin/cc  -DCHECK_FUNCTION_EXISTS=pthread_create -std=c++11    -rdynamic CMakeFiles/cmTC_8c33b.dir/CheckFunctionExists.c.o  -o cmTC_8c33b  -lpthreads 
/usr/bin/ld: cannot find -lpthreads
collect2: error: ld returned 1 exit status
CMakeFiles/cmTC_8c33b.dir/build.make:86: recipe for target 'cmTC_8c33b' failed
make[1]: *** [cmTC_8c33b] Error 1
make[1]: Leaving directory '/home/dukezuo/inference_engine_samples_build/CMakeFiles/CMakeTmp'
Makefile:121: recipe for target 'cmTC_8c33b/fast' failed
make: *** [cmTC_8c33b/fast] Error 2



Performing C SOURCE FILE Test CMAKE_HAVE_LIBC_PTHREAD failed with the following output:
Change Dir: /home/dukezuo/inference_engine_samples_build/CMakeFiles/CMakeTmp

Run Build Command(s):/usr/bin/make cmTC_b5433/fast && /usr/bin/make -f CMakeFiles/cmTC_b5433.dir/build.make CMakeFiles/cmTC_b5433.dir/build
make[1]: Entering directory '/home/dukezuo/inference_engine_samples_build/CMakeFiles/CMakeTmp'
Building C object CMakeFiles/cmTC_b5433.dir/src.c.o
/usr/bin/cc   -DCMAKE_HAVE_LIBC_PTHREAD -std=c++11   -o CMakeFiles/cmTC_b5433.dir/src.c.o   -c /home/dukezuo/inference_engine_samples_build/CMakeFiles/CMakeTmp/src.c
cc1: warning: command line option ‘-std=c++11’ is valid for C++/ObjC++ but not for C
Linking C executable cmTC_b5433
/usr/local/bin/cmake -E cmake_link_script CMakeFiles/cmTC_b5433.dir/link.txt --verbose=1
/usr/bin/cc  -DCMAKE_HAVE_LIBC_PTHREAD -std=c++11    -rdynamic CMakeFiles/cmTC_b5433.dir/src.c.o  -o cmTC_b5433 
CMakeFiles/cmTC_b5433.dir/src.c.o: In function `main':
src.c:(.text+0x3c): undefined reference to `pthread_create'
src.c:(.text+0x48): undefined reference to `pthread_detach'
src.c:(.text+0x59): undefined reference to `pthread_join'
src.c:(.text+0x6d): undefined reference to `pthread_atfork'
collect2: error: ld returned 1 exit status
CMakeFiles/cmTC_b5433.dir/build.make:86: recipe for target 'cmTC_b5433' failed
make[1]: *** [cmTC_b5433] Error 1
make[1]: Leaving directory '/home/dukezuo/inference_engine_samples_build/CMakeFiles/CMakeTmp'
Makefile:121: recipe for target 'cmTC_b5433/fast' failed
make: *** [cmTC_b5433/fast] Error 2


Source file was:
#include <pthread.h>

void* test_func(void* data)
{
  return data;
}

int main(void)
{
  pthread_t thread;
  pthread_create(&thread, NULL, test_func, NULL);
  pthread_detach(thread);
  pthread_join(thread, NULL);
  pthread_atfork(NULL, NULL, NULL);
  pthread_exit(NULL);

  return 0;
}

Determining if the function pthread_create exists in the pthreads failed with the following output:
Change Dir: /home/dukezuo/inference_engine_samples_build/CMakeFiles/CMakeTmp

Run Build Command(s):/usr/bin/make cmTC_5f855/fast && /usr/bin/make -f CMakeFiles/cmTC_5f855.dir/build.make CMakeFiles/cmTC_5f855.dir/build
make[1]: Entering directory '/home/dukezuo/inference_engine_samples_build/CMakeFiles/CMakeTmp'
Building C object CMakeFiles/cmTC_5f855.dir/CheckFunctionExists.c.o
/usr/bin/cc   -DCHECK_FUNCTION_EXISTS=pthread_create -std=c++11   -o CMakeFiles/cmTC_5f855.dir/CheckFunctionExists.c.o   -c /usr/local/share/cmake-3.16/Modules/CheckFunctionExists.c
cc1: warning: command line option ‘-std=c++11’ is valid for C++/ObjC++ but not for C
Linking C executable cmTC_5f855
/usr/local/bin/cmake -E cmake_link_script CMakeFiles/cmTC_5f855.dir/link.txt --verbose=1
/usr/bin/cc  -DCHECK_FUNCTION_EXISTS=pthread_create -std=c++11    -rdynamic CMakeFiles/cmTC_5f855.dir/CheckFunctionExists.c.o  -o cmTC_5f855  -lpthreads 
/usr/bin/ld: cannot find -lpthreads
collect2: error: ld returned 1 exit status
CMakeFiles/cmTC_5f855.dir/build.make:86: recipe for target 'cmTC_5f855' failed
make[1]: *** [cmTC_5f855] Error 1
make[1]: Leaving directory '/home/dukezuo/inference_engine_samples_build/CMakeFiles/CMakeTmp'
Makefile:121: recipe for target 'cmTC_5f855/fast' failed
make: *** [cmTC_5f855/fast] Error 2



Performing C SOURCE FILE Test CMAKE_HAVE_LIBC_PTHREAD failed with the following output:
Change Dir: /home/dukezuo/inference_engine_samples_build/CMakeFiles/CMakeTmp

Run Build Command(s):/usr/bin/make cmTC_1461d/fast && /usr/bin/make -f CMakeFiles/cmTC_1461d.dir/build.make CMakeFiles/cmTC_1461d.dir/build
make[1]: Entering directory '/home/dukezuo/inference_engine_samples_build/CMakeFiles/CMakeTmp'
Building C object CMakeFiles/cmTC_1461d.dir/src.c.o
/usr/bin/cc   -DCMAKE_HAVE_LIBC_PTHREAD -std=c++11   -o CMakeFiles/cmTC_1461d.dir/src.c.o   -c /home/dukezuo/inference_engine_samples_build/CMakeFiles/CMakeTmp/src.c
cc1: warning: command line option ‘-std=c++11’ is valid for C++/ObjC++ but not for C
Linking C executable cmTC_1461d
/usr/local/bin/cmake -E cmake_link_script CMakeFiles/cmTC_1461d.dir/link.txt --verbose=1
/usr/bin/cc  -DCMAKE_HAVE_LIBC_PTHREAD -std=c++11    -rdynamic CMakeFiles/cmTC_1461d.dir/src.c.o  -o cmTC_1461d 
CMakeFiles/cmTC_1461d.dir/src.c.o: In function `main':
src.c:(.text+0x3c): undefined reference to `pthread_create'
src.c:(.text+0x48): undefined reference to `pthread_detach'
src.c:(.text+0x59): undefined reference to `pthread_join'
src.c:(.text+0x6d): undefined reference to `pthread_atfork'
collect2: error: ld returned 1 exit status
CMakeFiles/cmTC_1461d.dir/build.make:86: recipe for target 'cmTC_1461d' failed
make[1]: *** [cmTC_1461d] Error 1
make[1]: Leaving directory '/home/dukezuo/inference_engine_samples_build/CMakeFiles/CMakeTmp'
Makefile:121: recipe for target 'cmTC_1461d/fast' failed
make: *** [cmTC_1461d/fast] Error 2


Source file was:
#include <pthread.h>

void* test_func(void* data)
{
  return data;
}

int main(void)
{
  pthread_t thread;
  pthread_create(&thread, NULL, test_func, NULL);
  pthread_detach(thread);
  pthread_join(thread, NULL);
  pthread_atfork(NULL, NULL, NULL);
  pthread_exit(NULL);

  return 0;
}

Determining if the function pthread_create exists in the pthreads failed with the following output:
Change Dir: /home/dukezuo/inference_engine_samples_build/CMakeFiles/CMakeTmp

Run Build Command(s):/usr/bin/make cmTC_5a86e/fast && /usr/bin/make -f CMakeFiles/cmTC_5a86e.dir/build.make CMakeFiles/cmTC_5a86e.dir/build
make[1]: Entering directory '/home/dukezuo/inference_engine_samples_build/CMakeFiles/CMakeTmp'
Building C object CMakeFiles/cmTC_5a86e.dir/CheckFunctionExists.c.o
/usr/bin/cc   -DCHECK_FUNCTION_EXISTS=pthread_create -std=c++11   -o CMakeFiles/cmTC_5a86e.dir/CheckFunctionExists.c.o   -c /usr/local/share/cmake-3.16/Modules/CheckFunctionExists.c
cc1: warning: command line option ‘-std=c++11’ is valid for C++/ObjC++ but not for C
Linking C executable cmTC_5a86e
/usr/local/bin/cmake -E cmake_link_script CMakeFiles/cmTC_5a86e.dir/link.txt --verbose=1
/usr/bin/cc  -DCHECK_FUNCTION_EXISTS=pthread_create -std=c++11    -rdynamic CMakeFiles/cmTC_5a86e.dir/CheckFunctionExists.c.o  -o cmTC_5a86e  -lpthreads 
/usr/bin/ld: cannot find -lpthreads
collect2: error: ld returned 1 exit status
CMakeFiles/cmTC_5a86e.dir/build.make:86: recipe for target 'cmTC_5a86e' failed
make[1]: *** [cmTC_5a86e] Error 1
make[1]: Leaving directory '/home/dukezuo/inference_engine_samples_build/CMakeFiles/CMakeTmp'
Makefile:121: recipe for target 'cmTC_5a86e/fast' failed
make: *** [cmTC_5a86e/fast] Error 2



Performing C SOURCE FILE Test CMAKE_HAVE_LIBC_PTHREAD failed with the following output:
Change Dir: /home/dukezuo/inference_engine_samples_build/CMakeFiles/CMakeTmp

Run Build Command(s):/usr/bin/make cmTC_e7e92/fast && /usr/bin/make -f CMakeFiles/cmTC_e7e92.dir/build.make CMakeFiles/cmTC_e7e92.dir/build
make[1]: Entering directory '/home/dukezuo/inference_engine_samples_build/CMakeFiles/CMakeTmp'
Building C object CMakeFiles/cmTC_e7e92.dir/src.c.o
/usr/bin/cc   -DCMAKE_HAVE_LIBC_PTHREAD -std=c++11   -o CMakeFiles/cmTC_e7e92.dir/src.c.o   -c /home/dukezuo/inference_engine_samples_build/CMakeFiles/CMakeTmp/src.c
cc1: warning: command line option ‘-std=c++11’ is valid for C++/ObjC++ but not for C
Linking C executable cmTC_e7e92
/usr/local/bin/cmake -E cmake_link_script CMakeFiles/cmTC_e7e92.dir/link.txt --verbose=1
/usr/bin/cc  -DCMAKE_HAVE_LIBC_PTHREAD -std=c++11    -rdynamic CMakeFiles/cmTC_e7e92.dir/src.c.o  -o cmTC_e7e92 
CMakeFiles/cmTC_e7e92.dir/src.c.o: In function `main':
src.c:(.text+0x3c): undefined reference to `pthread_create'
src.c:(.text+0x48): undefined reference to `pthread_detach'
src.c:(.text+0x59): undefined reference to `pthread_join'
src.c:(.text+0x6d): undefined reference to `pthread_atfork'
collect2: error: ld returned 1 exit status
CMakeFiles/cmTC_e7e92.dir/build.make:86: recipe for target 'cmTC_e7e92' failed
make[1]: *** [cmTC_e7e92] Error 1
make[1]: Leaving directory '/home/dukezuo/inference_engine_samples_build/CMakeFiles/CMakeTmp'
Makefile:121: recipe for target 'cmTC_e7e92/fast' failed
make: *** [cmTC_e7e92/fast] Error 2


Source file was:
#include <pthread.h>

void* test_func(void* data)
{
  return data;
}

int main(void)
{
  pthread_t thread;
  pthread_create(&thread, NULL, test_func, NULL);
  pthread_detach(thread);
  pthread_join(thread, NULL);
  pthread_atfork(NULL, NULL, NULL);
  pthread_exit(NULL);

  return 0;
}

Determining if the function pthread_create exists in the pthreads failed with the following output:
Change Dir: /home/dukezuo/inference_engine_samples_build/CMakeFiles/CMakeTmp

Run Build Command(s):/usr/bin/make cmTC_79da7/fast && /usr/bin/make -f CMakeFiles/cmTC_79da7.dir/build.make CMakeFiles/cmTC_79da7.dir/build
make[1]: Entering directory '/home/dukezuo/inference_engine_samples_build/CMakeFiles/CMakeTmp'
Building C object CMakeFiles/cmTC_79da7.dir/CheckFunctionExists.c.o
/usr/bin/cc   -DCHECK_FUNCTION_EXISTS=pthread_create -std=c++11   -o CMakeFiles/cmTC_79da7.dir/CheckFunctionExists.c.o   -c /usr/local/share/cmake-3.16/Modules/CheckFunctionExists.c
cc1: warning: command line option ‘-std=c++11’ is valid for C++/ObjC++ but not for C
Linking C executable cmTC_79da7
/usr/local/bin/cmake -E cmake_link_script CMakeFiles/cmTC_79da7.dir/link.txt --verbose=1
/usr/bin/cc  -DCHECK_FUNCTION_EXISTS=pthread_create -std=c++11    -rdynamic CMakeFiles/cmTC_79da7.dir/CheckFunctionExists.c.o  -o cmTC_79da7  -lpthreads 
/usr/bin/ld: cannot find -lpthreads
collect2: error: ld returned 1 exit status
CMakeFiles/cmTC_79da7.dir/build.make:86: recipe for target 'cmTC_79da7' failed
make[1]: *** [cmTC_79da7] Error 1
make[1]: Leaving directory '/home/dukezuo/inference_engine_samples_build/CMakeFiles/CMakeTmp'
Makefile:121: recipe for target 'cmTC_79da7/fast' failed
make: *** [cmTC_79da7/fast] Error 2



Performing C SOURCE FILE Test CMAKE_HAVE_LIBC_PTHREAD failed with the following output:
Change Dir: /home/dukezuo/inference_engine_samples_build/CMakeFiles/CMakeTmp

Run Build Command(s):/usr/bin/make cmTC_58ed2/fast && /usr/bin/make -f CMakeFiles/cmTC_58ed2.dir/build.make CMakeFiles/cmTC_58ed2.dir/build
make[1]: Entering directory '/home/dukezuo/inference_engine_samples_build/CMakeFiles/CMakeTmp'
Building C object CMakeFiles/cmTC_58ed2.dir/src.c.o
/usr/bin/cc   -DCMAKE_HAVE_LIBC_PTHREAD -std=c++11   -o CMakeFiles/cmTC_58ed2.dir/src.c.o   -c /home/dukezuo/inference_engine_samples_build/CMakeFiles/CMakeTmp/src.c
cc1: warning: command line option ‘-std=c++11’ is valid for C++/ObjC++ but not for C
Linking C executable cmTC_58ed2
/usr/local/bin/cmake -E cmake_link_script CMakeFiles/cmTC_58ed2.dir/link.txt --verbose=1
/usr/bin/cc  -DCMAKE_HAVE_LIBC_PTHREAD -std=c++11    -rdynamic CMakeFiles/cmTC_58ed2.dir/src.c.o  -o cmTC_58ed2 
CMakeFiles/cmTC_58ed2.dir/src.c.o: In function `main':
src.c:(.text+0x3c): undefined reference to `pthread_create'
src.c:(.text+0x48): undefined reference to `pthread_detach'
src.c:(.text+0x59): undefined reference to `pthread_join'
src.c:(.text+0x6d): undefined reference to `pthread_atfork'
collect2: error: ld returned 1 exit status
CMakeFiles/cmTC_58ed2.dir/build.make:86: recipe for target 'cmTC_58ed2' failed
make[1]: *** [cmTC_58ed2] Error 1
make[1]: Leaving directory '/home/dukezuo/inference_engine_samples_build/CMakeFiles/CMakeTmp'
Makefile:121: recipe for target 'cmTC_58ed2/fast' failed
make: *** [cmTC_58ed2/fast] Error 2


Source file was:
#include <pthread.h>

void* test_func(void* data)
{
  return data;
}

int main(void)
{
  pthread_t thread;
  pthread_create(&thread, NULL, test_func, NULL);
  pthread_detach(thread);
  pthread_join(thread, NULL);
  pthread_atfork(NULL, NULL, NULL);
  pthread_exit(NULL);

  return 0;
}

Determining if the function pthread_create exists in the pthreads failed with the following output:
Change Dir: /home/dukezuo/inference_engine_samples_build/CMakeFiles/CMakeTmp

Run Build Command(s):/usr/bin/make cmTC_0a538/fast && /usr/bin/make -f CMakeFiles/cmTC_0a538.dir/build.make CMakeFiles/cmTC_0a538.dir/build
make[1]: Entering directory '/home/dukezuo/inference_engine_samples_build/CMakeFiles/CMakeTmp'
Building C object CMakeFiles/cmTC_0a538.dir/CheckFunctionExists.c.o
/usr/bin/cc   -DCHECK_FUNCTION_EXISTS=pthread_create -std=c++11   -o CMakeFiles/cmTC_0a538.dir/CheckFunctionExists.c.o   -c /usr/local/share/cmake-3.16/Modules/CheckFunctionExists.c
cc1: warning: command line option ‘-std=c++11’ is valid for C++/ObjC++ but not for C
Linking C executable cmTC_0a538
/usr/local/bin/cmake -E cmake_link_script CMakeFiles/cmTC_0a538.dir/link.txt --verbose=1
/usr/bin/cc  -DCHECK_FUNCTION_EXISTS=pthread_create -std=c++11    -rdynamic CMakeFiles/cmTC_0a538.dir/CheckFunctionExists.c.o  -o cmTC_0a538  -lpthreads 
/usr/bin/ld: cannot find -lpthreads
collect2: error: ld returned 1 exit status
CMakeFiles/cmTC_0a538.dir/build.make:86: recipe for target 'cmTC_0a538' failed
make[1]: *** [cmTC_0a538] Error 1
make[1]: Leaving directory '/home/dukezuo/inference_engine_samples_build/CMakeFiles/CMakeTmp'
Makefile:121: recipe for target 'cmTC_0a538/fast' failed
make: *** [cmTC_0a538/fast] Error 2



Performing C SOURCE FILE Test CMAKE_HAVE_LIBC_PTHREAD failed with the following output:
Change Dir: /home/dukezuo/inference_engine_samples_build/CMakeFiles/CMakeTmp

Run Build Command(s):/usr/bin/make cmTC_991bd/fast && /usr/bin/make -f CMakeFiles/cmTC_991bd.dir/build.make CMakeFiles/cmTC_991bd.dir/build
make[1]: Entering directory '/home/dukezuo/inference_engine_samples_build/CMakeFiles/CMakeTmp'
Building C object CMakeFiles/cmTC_991bd.dir/src.c.o
/usr/bin/cc   -DCMAKE_HAVE_LIBC_PTHREAD -std=c++11   -o CMakeFiles/cmTC_991bd.dir/src.c.o   -c /home/dukezuo/inference_engine_samples_build/CMakeFiles/CMakeTmp/src.c
cc1: warning: command line option ‘-std=c++11’ is valid for C++/ObjC++ but not for C
Linking C executable cmTC_991bd
/usr/local/bin/cmake -E cmake_link_script CMakeFiles/cmTC_991bd.dir/link.txt --verbose=1
/usr/bin/cc  -DCMAKE_HAVE_LIBC_PTHREAD -std=c++11    -rdynamic CMakeFiles/cmTC_991bd.dir/src.c.o  -o cmTC_991bd 
CMakeFiles/cmTC_991bd.dir/src.c.o: In function `main':
src.c:(.text+0x3c): undefined reference to `pthread_create'
src.c:(.text+0x48): undefined reference to `pthread_detach'
src.c:(.text+0x59): undefined reference to `pthread_join'
src.c:(.text+0x6d): undefined reference to `pthread_atfork'
collect2: error: ld returned 1 exit status
CMakeFiles/cmTC_991bd.dir/build.make:86: recipe for target 'cmTC_991bd' failed
make[1]: *** [cmTC_991bd] Error 1
make[1]: Leaving directory '/home/dukezuo/inference_engine_samples_build/CMakeFiles/CMakeTmp'
Makefile:121: recipe for target 'cmTC_991bd/fast' failed
make: *** [cmTC_991bd/fast] Error 2


Source file was:
#include <pthread.h>

void* test_func(void* data)
{
  return data;
}

int main(void)
{
  pthread_t thread;
  pthread_create(&thread, NULL, test_func, NULL);
  pthread_detach(thread);
  pthread_join(thread, NULL);
  pthread_atfork(NULL, NULL, NULL);
  pthread_exit(NULL);

  return 0;
}

Determining if the function pthread_create exists in the pthreads failed with the following output:
Change Dir: /home/dukezuo/inference_engine_samples_build/CMakeFiles/CMakeTmp

Run Build Command(s):/usr/bin/make cmTC_88e1a/fast && /usr/bin/make -f CMakeFiles/cmTC_88e1a.dir/build.make CMakeFiles/cmTC_88e1a.dir/build
make[1]: Entering directory '/home/dukezuo/inference_engine_samples_build/CMakeFiles/CMakeTmp'
Building C object CMakeFiles/cmTC_88e1a.dir/CheckFunctionExists.c.o
/usr/bin/cc   -DCHECK_FUNCTION_EXISTS=pthread_create -std=c++11   -o CMakeFiles/cmTC_88e1a.dir/CheckFunctionExists.c.o   -c /usr/local/share/cmake-3.16/Modules/CheckFunctionExists.c
cc1: warning: command line option ‘-std=c++11’ is valid for C++/ObjC++ but not for C
Linking C executable cmTC_88e1a
/usr/local/bin/cmake -E cmake_link_script CMakeFiles/cmTC_88e1a.dir/link.txt --verbose=1
/usr/bin/cc  -DCHECK_FUNCTION_EXISTS=pthread_create -std=c++11    -rdynamic CMakeFiles/cmTC_88e1a.dir/CheckFunctionExists.c.o  -o cmTC_88e1a  -lpthreads 
/usr/bin/ld: cannot find -lpthreads
collect2: error: ld returned 1 exit status
CMakeFiles/cmTC_88e1a.dir/build.make:86: recipe for target 'cmTC_88e1a' failed
make[1]: *** [cmTC_88e1a] Error 1
make[1]: Leaving directory '/home/dukezuo/inference_engine_samples_build/CMakeFiles/CMakeTmp'
Makefile:121: recipe for target 'cmTC_88e1a/fast' failed
make: *** [cmTC_88e1a/fast] Error 2



Performing C SOURCE FILE Test CMAKE_HAVE_LIBC_PTHREAD failed with the following output:
Change Dir: /home/dukezuo/inference_engine_samples_build/CMakeFiles/CMakeTmp

Run Build Command(s):/usr/bin/make cmTC_467ba/fast && /usr/bin/make -f CMakeFiles/cmTC_467ba.dir/build.make CMakeFiles/cmTC_467ba.dir/build
make[1]: Entering directory '/home/dukezuo/inference_engine_samples_build/CMakeFiles/CMakeTmp'
Building C object CMakeFiles/cmTC_467ba.dir/src.c.o
/usr/bin/cc   -DCMAKE_HAVE_LIBC_PTHREAD -std=c++11   -o CMakeFiles/cmTC_467ba.dir/src.c.o   -c /home/dukezuo/inference_engine_samples_build/CMakeFiles/CMakeTmp/src.c
cc1: warning: command line option ‘-std=c++11’ is valid for C++/ObjC++ but not for C
Linking C executable cmTC_467ba
/usr/local/bin/cmake -E cmake_link_script CMakeFiles/cmTC_467ba.dir/link.txt --verbose=1
/usr/bin/cc  -DCMAKE_HAVE_LIBC_PTHREAD -std=c++11    -rdynamic CMakeFiles/cmTC_467ba.dir/src.c.o  -o cmTC_467ba 
CMakeFiles/cmTC_467ba.dir/src.c.o: In function `main':
src.c:(.text+0x3c): undefined reference to `pthread_create'
src.c:(.text+0x48): undefined reference to `pthread_detach'
src.c:(.text+0x59): undefined reference to `pthread_join'
src.c:(.text+0x6d): undefined reference to `pthread_atfork'
collect2: error: ld returned 1 exit status
CMakeFiles/cmTC_467ba.dir/build.make:86: recipe for target 'cmTC_467ba' failed
make[1]: *** [cmTC_467ba] Error 1
make[1]: Leaving directory '/home/dukezuo/inference_engine_samples_build/CMakeFiles/CMakeTmp'
Makefile:121: recipe for target 'cmTC_467ba/fast' failed
make: *** [cmTC_467ba/fast] Error 2


Source file was:
#include <pthread.h>

void* test_func(void* data)
{
  return data;
}

int main(void)
{
  pthread_t thread;
  pthread_create(&thread, NULL, test_func, NULL);
  pthread_detach(thread);
  pthread_join(thread, NULL);
  pthread_atfork(NULL, NULL, NULL);
  pthread_exit(NULL);

  return 0;
}

Determining if the function pthread_create exists in the pthreads failed with the following output:
Change Dir: /home/dukezuo/inference_engine_samples_build/CMakeFiles/CMakeTmp

Run Build Command(s):/usr/bin/make cmTC_a0921/fast && /usr/bin/make -f CMakeFiles/cmTC_a0921.dir/build.make CMakeFiles/cmTC_a0921.dir/build
make[1]: Entering directory '/home/dukezuo/inference_engine_samples_build/CMakeFiles/CMakeTmp'
Building C object CMakeFiles/cmTC_a0921.dir/CheckFunctionExists.c.o
/usr/bin/cc   -DCHECK_FUNCTION_EXISTS=pthread_create -std=c++11   -o CMakeFiles/cmTC_a0921.dir/CheckFunctionExists.c.o   -c /usr/local/share/cmake-3.16/Modules/CheckFunctionExists.c
cc1: warning: command line option ‘-std=c++11’ is valid for C++/ObjC++ but not for C
Linking C executable cmTC_a0921
/usr/local/bin/cmake -E cmake_link_script CMakeFiles/cmTC_a0921.dir/link.txt --verbose=1
/usr/bin/cc  -DCHECK_FUNCTION_EXISTS=pthread_create -std=c++11    -rdynamic CMakeFiles/cmTC_a0921.dir/CheckFunctionExists.c.o  -o cmTC_a0921  -lpthreads 
/usr/bin/ld: cannot find -lpthreads
collect2: error: ld returned 1 exit status
CMakeFiles/cmTC_a0921.dir/build.make:86: recipe for target 'cmTC_a0921' failed
make[1]: *** [cmTC_a0921] Error 1
make[1]: Leaving directory '/home/dukezuo/inference_engine_samples_build/CMakeFiles/CMakeTmp'
Makefile:121: recipe for target 'cmTC_a0921/fast' failed
make: *** [cmTC_a0921/fast] Error 2



